<?xml version="1.0" encoding="UTF-8"?>
<testng-results ignored="0" total="1" passed="1" failed="0" skipped="0">
  <reporter-output>
  </reporter-output>
  <suite started-at="2022-11-30T18:39:19 PKT" name="Suite" finished-at="2022-11-30T18:39:28 PKT" duration-ms="8344">
    <groups>
    </groups>
    <test started-at="2022-11-30T18:39:19 PKT" name="MyProfile" finished-at="2022-11-30T18:39:28 PKT" duration-ms="8344">
      <class name="TransData.PT_Project.MyProfile">
        <test-method signature="VerifythatuserCanupdatprofilewithvalidfirstname()[pri:1, instance:TransData.PT_Project.MyProfile@66c61024]" started-at="2022-11-30T18:39:19 PKT" name="VerifythatuserCanupdatprofilewithvalidfirstname" description="Verify that user can update profile with valid first name " finished-at="2022-11-30T18:39:28 PKT" duration-ms="8280" status="PASS">
          <reporter-output>
          </reporter-output>
        </test-method> <!-- VerifythatuserCanupdatprofilewithvalidfirstname -->
      </class> <!-- TransData.PT_Project.MyProfile -->
    </test> <!-- MyProfile -->
  </suite> <!-- Suite -->
</testng-results>
